Arguments: 
  /Users/hosoo.lee/.nvm/versions/node/v13.3.0/bin/node /usr/local/Cellar/yarn/1.19.2/libexec/bin/yarn.js add dotev

PATH: 
  /Library/Frameworks/Python.framework/Versions/3.8/bin:/Users/hosoo.lee/.nvm/versions/node/v13.3.0/bin:/usr/local/bin:/usr/bin:/bin:/usr/sbin:/sbin:/Library/Frameworks/Python.framework/Versions/3.8/bin:/Applications/DevDesktop/tools:/Applications/DevDesktop/drush_9:/Applications/DevDesktop/tools:/Applications/DevDesktop/drush_9

Yarn version: 
  1.19.2

Node version: 
  13.3.0

Platform: 
  darwin x64

Trace: 
  Error: https://registry.yarnpkg.com/dotev: Not found
      at Request.params.callback [as _callback] (/usr/local/Cellar/yarn/1.19.2/libexec/lib/cli.js:66927:18)
      at Request.self.callback (/usr/local/Cellar/yarn/1.19.2/libexec/lib/cli.js:140586:22)
      at Request.emit (events.js:219:5)
      at Request.<anonymous> (/usr/local/Cellar/yarn/1.19.2/libexec/lib/cli.js:141558:10)
      at Request.emit (events.js:219:5)
      at IncomingMessage.<anonymous> (/usr/local/Cellar/yarn/1.19.2/libexec/lib/cli.js:141480:12)
      at Object.onceWrapper (events.js:308:28)
      at IncomingMessage.emit (events.js:224:7)
      at endReadableNT (_stream_readable.js:1206:12)
      at processTicksAndRejections (internal/process/task_queues.js:84:21)

npm manifest: 
  {
    "name": "basic",
    "version": "1.0.0",
    "description": "",
    "main": "index.js",
    "dependencies": {
      "body-parser": "^1.19.0",
      "dotenv": "^8.2.0",
      "express": "^4.17.1",
      "mongoose": "^5.9.10"
    },
    "devDependencies": {
      "nodemon": "^2.0.3"
    },
    "scripts": {
      "start": "nodemon index.js",
      "test": "echo \"Error: no test specified\" && exit 1"
    },
    "author": "",
    "license": "ISC"
  }

yarn manifest: 
  No manifest

Lockfile: 
  No lockfile
